<html>
<body>
<pre>
<h1>Vision Build Log</h1>
<h2>Tool Versions:</h2>
IDE-Version: μVision V5.26.2.0
Copyright (C) 2018 ARM Ltd and ARM Germany GmbH. All rights reserved.
License Information: BB A, ZSC, LIC=HF8TG-VE355-ZCAJY-IURX2-DLA2F-NBCI8
 
Tool Versions:
Toolchain:       MDK-ARM Professional  Version: 5.26.2.0
Toolchain Path:  C:\software\keil5\ARM\ARMCC\Bin
C Compiler:      Armcc.exe V5.06 update 6 (build 750)
Assembler:       Armasm.exe V5.06 update 6 (build 750)
Linker/Locator:  ArmLink.exe V5.06 update 6 (build 750)
Library Manager: ArmAr.exe V5.06 update 6 (build 750)
Hex Converter:   FromElf.exe V5.06 update 6 (build 750)
CPU DLL:         SARMCM3.DLL V5.26.2.0
Dialog DLL:      DCM.DLL V1.17.2.0
Target DLL:      STLink\ST-LINKIII-KEIL_SWO.dll V3.0.5.0
Dialog DLL:      TCM.DLL V1.36.1.0
 
<h2>Project:</h2>
C:\MyProgram\STM32\程序\Mine\Project\MyF3.uvprojx
Project File Date:  03/20/2019

<h2>Output:</h2>
*** Using Compiler 'V5.06 update 6 (build 750)', folder: 'C:\software\keil5\ARM\ARMCC\Bin'
Build target 'Target 1'
compiling sensor.c...
..\USER\Inc\MyTypedef.h(25): warning:  #1-D: last line of file ends without a newline
  #endif
..\USER\Inc\sensor.h(51): warning:  #1295-D: Deprecated declaration SensorInit - give arg types
  uint8 SensorInit();
..\USER\Inc\sensor.h(52): warning:  #1-D: last line of file ends without a newline
  #endif
..\USER\Inc\MyConfiguration.h(7): warning:  #1-D: last line of file ends without a newline
  #endif
..\Devices\HardWare\Inc\Har_I2C.h(9): warning:  #1-D: last line of file ends without a newline
  #endif
..\Devices\Drivers\Inc\Dri_MPU6050.h(20): warning:  #1-D: last line of file ends without a newline
  #endif
..\USER\Src\sensor.c(29): error:  #20: identifier "Axis3f" is undefined
  static bool processGyroBias(int16_t gx, int16_t gy, int16_t gz, Axis3f *gyroBiasOut)
..\USER\Src\sensor.c(31): warning:  #223-D: function "sensorsAddBiasValue" declared implicitly
  	sensorsAddBiasValue(&gyroBiasRunning, gx, gy, gz);
..\USER\Src\sensor.c(31): error:  #20: identifier "gyroBiasRunning" is undefined
  	sensorsAddBiasValue(&gyroBiasRunning, gx, gy, gz);
..\USER\Src\sensor.c(35): warning:  #223-D: function "sensorsFindBiasValue" declared implicitly
  		sensorsFindBiasValue(&gyroBiasRunning);
..\USER\Src\sensor.c(38): warning:  #223-D: function "ledseqRun" declared implicitly
  			ledseqRun(SYS_LED, seq_calibrated);
..\USER\Src\sensor.c(38): error:  #20: identifier "SYS_LED" is undefined
  			ledseqRun(SYS_LED, seq_calibrated);
..\USER\Src\sensor.c(38): error:  #20: identifier "seq_calibrated" is undefined
  			ledseqRun(SYS_LED, seq_calibrated);
..\USER\Src\sensor.c(60): error:  #20: identifier "gyroBias" is undefined
  	gyroBiasFound = processGyroBias(gx, gy, gz, &gyroBias);	//计算陀螺方差
..\USER\Src\sensor.c(66): error:  #20: identifier "sensors" is undefined
  	sensors.gyro.x = -(gx - gyroBias.x) * SENSORS_DEG_PER_LSB_CFG;	/*单位 °/s */
..\USER\Src\sensor.c(66): error:  #20: identifier "SENSORS_DEG_PER_LSB_CFG" is undefined
  	sensors.gyro.x = -(gx - gyroBias.x) * SENSORS_DEG_PER_LSB_CFG;	/*单位 °/s */
..\USER\Src\sensor.c(69): warning:  #223-D: function "applyAxis3fLpf" declared implicitly
  	applyAxis3fLpf((lpf2pData*)(&gyroLpf), &sensors.gyro);
..\USER\Src\sensor.c(71): error:  #20: identifier "SENSORS_G_PER_LSB_CFG" is undefined
  	sensors.acc.x = -(ax) * SENSORS_G_PER_LSB_CFG * accScale;	/*单位 g(9.8m/s^2)*/
..\USER\Src\sensor.c(71): error:  #20: identifier "accScale" is undefined
  	sensors.acc.x = -(ax) * SENSORS_G_PER_LSB_CFG * accScale;	/*单位 g(9.8m/s^2)*/
..\USER\Src\sensor.c(79): warning:  #223-D: function "Read_MPU6050" declared implicitly
  	Read_MPU6050();	//读取MPU6050数据到sensor结构体
..\USER\Src\sensor.c(85): warning:  #1-D: last line of file ends without a newline
  }
..\USER\Src\sensor.c: 12 warnings, 9 errors
compiling main.c...
..\USER\Inc\MyTypedef.h(25): warning:  #1-D: last line of file ends without a newline
  #endif
..\USER\Inc\MyConfiguration.h(7): warning:  #1-D: last line of file ends without a newline
  #endif
..\Devices\HardWare\Inc\Har_LED.h(7): warning:  #1295-D: Deprecated declaration Sys_LED_PinInit - give arg types
  void Sys_LED_PinInit();
..\Devices\HardWare\Inc\Har_LED.h(8): warning:  #1295-D: Deprecated declaration Sys_LED_PinSet - give arg types
  void Sys_LED_PinSet();
..\Devices\HardWare\Inc\Har_LED.h(9): warning:  #1295-D: Deprecated declaration Sys_LED_PinReSet - give arg types
  void Sys_LED_PinReSet();
..\Devices\HardWare\Inc\Har_LED.h(10): warning:  #1295-D: Deprecated declaration Sys_LED_PinNegative - give arg types
  void Sys_LED_PinNegative();	//寮靛钩
..\Devices\HardWare\Inc\Har_LED.h(11): warning:  #1295-D: Deprecated declaration Sys_LED_PinState - give arg types
  uint8 Sys_LED_PinState();
..\Devices\HardWare\Inc\Har_LED.h(12): warning:  #1-D: last line of file ends without a newline
  #endif
..\Devices\Drivers\Inc\Dri_LED.h(6): warning:  #1295-D: Deprecated declaration Sys_LED_Init - give arg types
  void Sys_LED_Init();
..\Devices\Drivers\Inc\Dri_LED.h(7): warning:  #1295-D: Deprecated declaration Sys_LED_ON - give arg types
  void Sys_LED_ON();
..\Devices\Drivers\Inc\Dri_LED.h(8): warning:  #1295-D: Deprecated declaration Sys_LED_OFF - give arg types
  void Sys_LED_OFF();	
..\Devices\Drivers\Inc\Dri_LED.h(9): warning:  #1295-D: Deprecated declaration Sys_LED_Negative - give arg types
  void Sys_LED_Negative();
..\Devices\Drivers\Inc\Dri_LED.h(11): warning:  #1-D: last line of file ends without a newline
  #endif
..\Devices\HardWare\Inc\Har_stm32_dma.h(7): warning:  #1295-D: Deprecated declaration STM32_DMA_Init - give arg types
  void STM32_DMA_Init();
..\Devices\HardWare\Inc\Har_stm32_dma.h(8): warning:  #1-D: last line of file ends without a newline
  #endif
..\Devices\HardWare\Inc\Har_Uart.h(41): warning:  #1295-D: Deprecated declaration DMA_UART1_SendThread - give arg types
  void DMA_UART1_SendThread();
..\Devices\HardWare\Inc\Har_Uart.h(42): warning:  #1-D: last line of file ends without a newline
  #endif
..\Devices\HardWare\Inc\Har_SysTick.h(13): warning:  #1-D: last line of file ends without a newline
  #endif
..\Devices\Drivers\Inc\Dri_SysTick.h(6): warning:  #1295-D: Deprecated declaration SystemTime_Init - give arg types
  uint8 SystemTime_Init();
..\Devices\Drivers\Inc\Dri_SysTick.h(7): warning:  #1295-D: Deprecated declaration GetSystemTime - give arg types
  uint32 GetSystemTime();
..\Devices\Drivers\Inc\Dri_SysTick.h(38): warning:  #1-D: last line of file ends without a newline
  #endif
..\Devices\HardWare\Inc\Har_Buzzer.h(13): warning:  #1295-D: Deprecated declaration Buzzer_PinInit - give arg types
  void Buzzer_PinInit();
..\Devices\HardWare\Inc\Har_Buzzer.h(14): warning:  #1295-D: Deprecated declaration Buzzer_PinSet - give arg types
  void Buzzer_PinSet();
..\Devices\HardWare\Inc\Har_Buzzer.h(15): warning:  #1295-D: Deprecated declaration Buzzer_PinReSet - give arg types
  void Buzzer_PinReSet();
..\Devices\HardWare\Inc\Har_Buzzer.h(16): warning:  #1295-D: Deprecated declaration Buzzer_PinNegative - give arg types
  void Buzzer_PinNegative();
..\Devices\HardWare\Inc\Har_Buzzer.h(17): warning:  #1295-D: Deprecated declaration Buzzer_PinState - give arg types
  uint8 Buzzer_PinState();
..\Devices\HardWare\Inc\Har_Buzzer.h(18): warning:  #1-D: last line of file ends without a newline
  #endif
..\Devices\Drivers\Inc\Dri_Buzzer.h(6): warning:  #1295-D: Deprecated declaration Buzzer_Init - give arg types
  void Buzzer_Init();
..\Devices\Drivers\Inc\Dri_Buzzer.h(7): warning:  #1295-D: Deprecated declaration Buzzer_ON - give arg types
  void Buzzer_ON();
..\Devices\Drivers\Inc\Dri_Buzzer.h(8): warning:  #1295-D: Deprecated declaration Buzzer_OFF - give arg types
  void Buzzer_OFF();	
..\Devices\Drivers\Inc\Dri_Buzzer.h(9): warning:  #1295-D: Deprecated declaration Buzzer_Negative - give arg types
  void Buzzer_Negative();
..\Devices\Drivers\Inc\Dri_Buzzer.h(11): warning:  #1-D: last line of file ends without a newline
  #endif 
..\Devices\HardWare\Inc\Har_I2C.h(9): warning:  #1-D: last line of file ends without a newline
  #endif
..\Devices\Drivers\Inc\Dri_MPU6050.h(20): warning:  #1-D: last line of file ends without a newline
  #endif
..\USER\Inc\Devices.h(15): warning:  #1-D: last line of file ends without a newline
  #endif
..\USER\Inc\Attitude.h(33): warning:  #1-D: last line of file ends without a newline
  #endif
..\USER\Inc\sensor.h(51): warning:  #1295-D: Deprecated declaration SensorInit - give arg types
  uint8 SensorInit();
..\USER\Inc\sensor.h(52): warning:  #1-D: last line of file ends without a newline
  #endif
..\USER\Src\main.c(47): warning:  #223-D: function "Init_MPU6050" declared implicitly
  	Init_MPU6050();
..\USER\Src\main.c(74): warning:  #1035-D: single-precision operand implicitly converted to double-precision
..\USER\Src\main.c(53): warning:  #177-D: variable "t2"  was declared but never referenced
  	uint32 t2;
..\USER\Src\main.c: 41 warnings, 0 errors
".\OutPut\MyF3.axf" - 9 Error(s), 53 Warning(s).

<h2>Software Packages used:</h2>

Package Vendor: Keil
                http://www.keil.com/pack/Keil.STM32F3xx_DFP.2.1.0.pack
                Keil.STM32F3xx_DFP.2.1.0
                STMicroelectronics STM32F3 Series Device Support and Examples

<h2>Collection of Component include folders:</h2>
  .\RTE\_Target_1
  C:\software\keil5\ARM\PACK\Keil\STM32F3xx_DFP\2.1.0\Drivers\CMSIS\Device\ST\STM32F3xx\Include

<h2>Collection of Component Files used:</h2>
Target not created.
Build Time Elapsed:  00:00:05
</pre>
</body>
</html>
